<?xml version="1.0" encoding="UTF-8"?>
<testsuite name="org.apache.commons.configuration.TestNullCompositeConfiguration" time="0.611" tests="23" errors="0" skipped="0" failures="0">
  <properties>
[...]
</properties>
  <testcase name="testGetKeys2PreservesOrder" classname="org.apache.commons.configuration.TestNullCompositeConfiguration" time="0.042"/>
  <testcase name="testCantRemoveMemoryConfig" classname="org.apache.commons.configuration.TestNullCompositeConfiguration" time="0.016"/>
  <testcase name="testGetPropertyMissing" classname="org.apache.commons.configuration.TestNullCompositeConfiguration" time="0.028"/>
  <testcase name="testSubsetCanResolve" classname="org.apache.commons.configuration.TestNullCompositeConfiguration" time="0.039"/>
  <testcase name="testAddRemoveConfigurations" classname="org.apache.commons.configuration.TestNullCompositeConfiguration" time="0.017"/>
  <testcase name="testGetKeysPreservesOrder" classname="org.apache.commons.configuration.TestNullCompositeConfiguration" time="0.033"/>
  <testcase name="testList" classname="org.apache.commons.configuration.TestNullCompositeConfiguration" time="0.032"/>
  <testcase name="testGetList" classname="org.apache.commons.configuration.TestNullCompositeConfiguration" time="0.016"/>
  <testcase name="testGettingSubset" classname="org.apache.commons.configuration.TestNullCompositeConfiguration" time="0.042"/>
  <testcase name="testMultipleTypesOfConfigs" classname="org.apache.commons.configuration.TestNullCompositeConfiguration" time="0.024"/>
  <testcase name="testAddingProperty" classname="org.apache.commons.configuration.TestNullCompositeConfiguration" time="0.013"/>
  <testcase name="testPropertyExistsInOnlyOneConfig" classname="org.apache.commons.configuration.TestNullCompositeConfiguration" time="0.024"/>
  <testcase name="testThrowExceptionOnMissing" classname="org.apache.commons.configuration.TestNullCompositeConfiguration" time="0.016"/>
  <testcase name="testGetStringWithDefaults" classname="org.apache.commons.configuration.TestNullCompositeConfiguration" time="0.031"/>
  <testcase name="testGetProperty" classname="org.apache.commons.configuration.TestNullCompositeConfiguration" time="0.042"/>
  <testcase name="testCheckingInMemoryConfiguration" classname="org.apache.commons.configuration.TestNullCompositeConfiguration" time="0.029"/>
  <testcase name="testGettingConfiguration" classname="org.apache.commons.configuration.TestNullCompositeConfiguration" time="0.016"/>
  <testcase name="testClearingProperty" classname="org.apache.commons.configuration.TestNullCompositeConfiguration" time="0.015"/>
  <testcase name="testDefaultValueWhenKeyMissing" classname="org.apache.commons.configuration.TestNullCompositeConfiguration" time="0.026"/>
  <testcase name="testSettingMissingProperty" classname="org.apache.commons.configuration.TestNullCompositeConfiguration" time="0.007"/>
  <testcase name="testGetVector" classname="org.apache.commons.configuration.TestNullCompositeConfiguration" time="0.039"/>
  <testcase name="testGetPropertyWIncludes" classname="org.apache.commons.configuration.TestNullCompositeConfiguration" time="0.041"/>
  <testcase name="testStringArray" classname="org.apache.commons.configuration.TestNullCompositeConfiguration" time="0.023"/>
</testsuite>