<?xml version="1.0" encoding="UTF-8"?>
<testsuite name="org.apache.commons.configuration.TestBaseNullConfiguration" time="0.056" tests="37" errors="0" skipped="0" failures="0">
  <properties>
[...]
</properties>
  <testcase name="testGetByteUnknown" classname="org.apache.commons.configuration.TestBaseNullConfiguration" time="0.006"/>
  <testcase name="testInterpolation" classname="org.apache.commons.configuration.TestBaseNullConfiguration" time="0.001"/>
  <testcase name="testGetShortUnknown" classname="org.apache.commons.configuration.TestBaseNullConfiguration" time="0.006"/>
  <testcase name="testGetFloat" classname="org.apache.commons.configuration.TestBaseNullConfiguration" time="0.001"/>
  <testcase name="testGetShort" classname="org.apache.commons.configuration.TestBaseNullConfiguration" time="0.001"/>
  <testcase name="testCommaSeparatedStringEscaped" classname="org.apache.commons.configuration.TestBaseNullConfiguration" time="0.001"/>
  <testcase name="testCommaSeparatedString" classname="org.apache.commons.configuration.TestBaseNullConfiguration" time="0"/>
  <testcase name="testGetFloatUnknown" classname="org.apache.commons.configuration.TestBaseNullConfiguration" time="0"/>
  <testcase name="testGetBigIntegerIncompatibleType" classname="org.apache.commons.configuration.TestBaseNullConfiguration" time="0.001"/>
  <testcase name="testGetByte" classname="org.apache.commons.configuration.TestBaseNullConfiguration" time="0"/>
  <testcase name="testGetList" classname="org.apache.commons.configuration.TestBaseNullConfiguration" time="0"/>
  <testcase name="testGetLong" classname="org.apache.commons.configuration.TestBaseNullConfiguration" time="0.001"/>
  <testcase name="testGetByteIncompatibleType" classname="org.apache.commons.configuration.TestBaseNullConfiguration" time="0"/>
  <testcase name="testGetBooleanUnknown" classname="org.apache.commons.configuration.TestBaseNullConfiguration" time="0.001"/>
  <testcase name="testThrowExceptionOnMissing" classname="org.apache.commons.configuration.TestBaseNullConfiguration" time="0"/>
  <testcase name="testGetBooleanIncompatibleType" classname="org.apache.commons.configuration.TestBaseNullConfiguration" time="0.01"/>
  <testcase name="testGetBigDecimalUnknown" classname="org.apache.commons.configuration.TestBaseNullConfiguration" time="0"/>
  <testcase name="testGetBigIntegerUnknown" classname="org.apache.commons.configuration.TestBaseNullConfiguration" time="0.001"/>
  <testcase name="testGetDoubleIncompatibleType" classname="org.apache.commons.configuration.TestBaseNullConfiguration" time="0.001"/>
  <testcase name="testGetBoolean" classname="org.apache.commons.configuration.TestBaseNullConfiguration" time="0"/>
  <testcase name="testGetProperty" classname="org.apache.commons.configuration.TestBaseNullConfiguration" time="0"/>
  <testcase name="testGetLongUnknown" classname="org.apache.commons.configuration.TestBaseNullConfiguration" time="0.005"/>
  <testcase name="testPropertyAccess" classname="org.apache.commons.configuration.TestBaseNullConfiguration" time="0.001"/>
  <testcase name="testGetBigDecimalIncompatibleType" classname="org.apache.commons.configuration.TestBaseNullConfiguration" time="0.001"/>
  <testcase name="testMultipleInterpolation" classname="org.apache.commons.configuration.TestBaseNullConfiguration" time="0"/>
  <testcase name="testInterpolationLoop" classname="org.apache.commons.configuration.TestBaseNullConfiguration" time="0.004"/>
  <testcase name="testGetDouble" classname="org.apache.commons.configuration.TestBaseNullConfiguration" time="0"/>
  <testcase name="testGetBigDecimal" classname="org.apache.commons.configuration.TestBaseNullConfiguration" time="0"/>
  <testcase name="testGetListAsScalar" classname="org.apache.commons.configuration.TestBaseNullConfiguration" time="0.005"/>
  <testcase name="testGetBigInteger" classname="org.apache.commons.configuration.TestBaseNullConfiguration" time="0.001"/>
  <testcase name="testGetString" classname="org.apache.commons.configuration.TestBaseNullConfiguration" time="0"/>
  <testcase name="testSubset" classname="org.apache.commons.configuration.TestBaseNullConfiguration" time="0.001"/>
  <testcase name="testGetFloatIncompatibleType" classname="org.apache.commons.configuration.TestBaseNullConfiguration" time="0"/>
  <testcase name="testGetDoubleUnknown" classname="org.apache.commons.configuration.TestBaseNullConfiguration" time="0.001"/>
  <testcase name="testGetLongIncompatibleTypes" classname="org.apache.commons.configuration.TestBaseNullConfiguration" time="0.005"/>
  <testcase name="testGetStringUnknown" classname="org.apache.commons.configuration.TestBaseNullConfiguration" time="0"/>
  <testcase name="testGetShortIncompatibleType" classname="org.apache.commons.configuration.TestBaseNullConfiguration" time="0.001"/>
</testsuite>