<?xml version="1.0" encoding="UTF-8"?>
<testsuite name="org.apache.commons.configuration.TestDatabaseConfiguration" time="5.963" tests="36" errors="0" skipped="0" failures="0">
  <properties>
[...]
</properties>
  <testcase name="testGetKeysMultiple" classname="org.apache.commons.configuration.TestDatabaseConfiguration" time="1.802"/>
  <testcase name="testGetListWithDelimiter" classname="org.apache.commons.configuration.TestDatabaseConfiguration" time="0.115"/>
  <testcase name="testClearPropertyCommit" classname="org.apache.commons.configuration.TestDatabaseConfiguration" time="0.09"/>
  <testcase name="testClearError" classname="org.apache.commons.configuration.TestDatabaseConfiguration" time="0.191"/>
  <testcase name="testContainsKeySingle" classname="org.apache.commons.configuration.TestDatabaseConfiguration" time="0.132"/>
  <testcase name="testClearPropertySingle" classname="org.apache.commons.configuration.TestDatabaseConfiguration" time="0.118"/>
  <testcase name="testSetPropertyWithDelimiter" classname="org.apache.commons.configuration.TestDatabaseConfiguration" time="0.127"/>
  <testcase name="testAddNonStringProperty" classname="org.apache.commons.configuration.TestDatabaseConfiguration" time="0.125"/>
  <testcase name="testContainsKeyError" classname="org.apache.commons.configuration.TestDatabaseConfiguration" time="0.119"/>
  <testcase name="testAddWithDelimiter" classname="org.apache.commons.configuration.TestDatabaseConfiguration" time="0.104"/>
  <testcase name="testGetKeys" classname="org.apache.commons.configuration.TestDatabaseConfiguration" time="0.102"/>
  <testcase name="testGetList" classname="org.apache.commons.configuration.TestDatabaseConfiguration" time="0.091"/>
  <testcase name="testIsEmptyMultiple" classname="org.apache.commons.configuration.TestDatabaseConfiguration" time="0.091"/>
  <testcase name="testGetKeysError" classname="org.apache.commons.configuration.TestDatabaseConfiguration" time="0.151"/>
  <testcase name="testExtractPropertyValueCLOBEmpty" classname="org.apache.commons.configuration.TestDatabaseConfiguration" time="0.229"/>
  <testcase name="testLogErrorListener" classname="org.apache.commons.configuration.TestDatabaseConfiguration" time="0.122"/>
  <testcase name="testGetPropertyDirectMultiple" classname="org.apache.commons.configuration.TestDatabaseConfiguration" time="0.107"/>
  <testcase name="testGetListWithDelimiterParsingDisabled" classname="org.apache.commons.configuration.TestDatabaseConfiguration" time="0.133"/>
  <testcase name="testContainsKeyMultiple" classname="org.apache.commons.configuration.TestDatabaseConfiguration" time="0.108"/>
  <testcase name="testAddPropertyDirectCommit" classname="org.apache.commons.configuration.TestDatabaseConfiguration" time="0.098"/>
  <testcase name="testClearPropertyMultipleOtherConfig" classname="org.apache.commons.configuration.TestDatabaseConfiguration" time="0.076"/>
  <testcase name="testClearPropertyError" classname="org.apache.commons.configuration.TestDatabaseConfiguration" time="0.138"/>
  <testcase name="testClearPropertyMultiple" classname="org.apache.commons.configuration.TestDatabaseConfiguration" time="0.081"/>
  <testcase name="testGetPropertyError" classname="org.apache.commons.configuration.TestDatabaseConfiguration" time="0.129"/>
  <testcase name="testAddPropertyDirectSingle" classname="org.apache.commons.configuration.TestDatabaseConfiguration" time="0.181"/>
  <testcase name="testExtractPropertyValueCLOB" classname="org.apache.commons.configuration.TestDatabaseConfiguration" time="0.105"/>
  <testcase name="testGetPropertyDirectSingle" classname="org.apache.commons.configuration.TestDatabaseConfiguration" time="0.108"/>
  <testcase name="testAddPropertyDirectMultiple" classname="org.apache.commons.configuration.TestDatabaseConfiguration" time="0.154"/>
  <testcase name="testClearCommit" classname="org.apache.commons.configuration.TestDatabaseConfiguration" time="0.117"/>
  <testcase name="testIsEmptySingle" classname="org.apache.commons.configuration.TestDatabaseConfiguration" time="0.123"/>
  <testcase name="testGetKeysSingle" classname="org.apache.commons.configuration.TestDatabaseConfiguration" time="0.094"/>
  <testcase name="testClearMultiple" classname="org.apache.commons.configuration.TestDatabaseConfiguration" time="0.133"/>
  <testcase name="testClearSingle" classname="org.apache.commons.configuration.TestDatabaseConfiguration" time="0.087"/>
  <testcase name="testClearSubset" classname="org.apache.commons.configuration.TestDatabaseConfiguration" time="0.075"/>
  <testcase name="testIsEmptyError" classname="org.apache.commons.configuration.TestDatabaseConfiguration" time="0.109"/>
  <testcase name="testAddPropertyError" classname="org.apache.commons.configuration.TestDatabaseConfiguration" time="0.098"/>
</testsuite>