<?xml version="1.0" encoding="UTF-8"?>
<testsuite name="org.apache.commons.configuration2.builder.combined.TestCombinedConfigurationBuilder" time="5.782" tests="48" errors="0" skipped="0" failures="0">
  <properties>
[...]
</properties>
  <testcase name="testLoadAdditional" classname="org.apache.commons.configuration2.builder.combined.TestCombinedConfigurationBuilder" time="0.048"/>
  <testcase name="testConfigurationBuilderProviderInheritBasicProperties" classname="org.apache.commons.configuration2.builder.combined.TestCombinedConfigurationBuilder" time="0.032"/>
  <testcase name="testLoadOptional" classname="org.apache.commons.configuration2.builder.combined.TestCombinedConfigurationBuilder" time="0.027"/>
  <testcase name="testMultiTenentConfigurationReloading" classname="org.apache.commons.configuration2.builder.combined.TestCombinedConfigurationBuilder" time="5.09"/>
  <testcase name="testReloadingBuilder" classname="org.apache.commons.configuration2.builder.combined.TestCombinedConfigurationBuilder" time="0.013"/>
  <testcase name="testEnvironmentProperties" classname="org.apache.commons.configuration2.builder.combined.TestCombinedConfigurationBuilder" time="0.028"/>
  <testcase name="testGetChildBuilders" classname="org.apache.commons.configuration2.builder.combined.TestCombinedConfigurationBuilder" time="0.018"/>
  <testcase name="testGetNamedBuilder" classname="org.apache.commons.configuration2.builder.combined.TestCombinedConfigurationBuilder" time="0.016"/>
  <testcase name="testGetNamedBuilderBeforeConfigurationAccess" classname="org.apache.commons.configuration2.builder.combined.TestCombinedConfigurationBuilder" time="0"/>
  <testcase name="testConfigurationBuilderProviderInheritEventListeners" classname="org.apache.commons.configuration2.builder.combined.TestCombinedConfigurationBuilder" time="0.022"/>
  <testcase name="testMultiTenentConfigurationProperties" classname="org.apache.commons.configuration2.builder.combined.TestCombinedConfigurationBuilder" time="0.056"/>
  <testcase name="testINIConfiguration" classname="org.apache.commons.configuration2.builder.combined.TestCombinedConfigurationBuilder" time="0.031"/>
  <testcase name="testCombinedConfigurationAttributes" classname="org.apache.commons.configuration2.builder.combined.TestCombinedConfigurationBuilder" time="0.018"/>
  <testcase name="testDefaultBasePathFromDefinitionBuilder" classname="org.apache.commons.configuration2.builder.combined.TestCombinedConfigurationBuilder" time="0.009"/>
  <testcase name="testReactOnSubBuilderChange" classname="org.apache.commons.configuration2.builder.combined.TestCombinedConfigurationBuilder" time="0.01"/>
  <testcase name="testNoDefinitionBuilder" classname="org.apache.commons.configuration2.builder.combined.TestCombinedConfigurationBuilder" time="0.001"/>
  <testcase name="testBasePathForChildConfigurations" classname="org.apache.commons.configuration2.builder.combined.TestCombinedConfigurationBuilder" time="0.002"/>
  <testcase name="testProviderInDefinitionConfig" classname="org.apache.commons.configuration2.builder.combined.TestCombinedConfigurationBuilder" time="0.006"/>
  <testcase name="testCustomEntityResolver" classname="org.apache.commons.configuration2.builder.combined.TestCombinedConfigurationBuilder" time="0.022"/>
  <testcase name="testCombinedConfigurationNoAdditional" classname="org.apache.commons.configuration2.builder.combined.TestCombinedConfigurationBuilder" time="0.016"/>
  <testcase name="testSystemProperties" classname="org.apache.commons.configuration2.builder.combined.TestCombinedConfigurationBuilder" time="0.011"/>
  <testcase name="testConcurrentReadAccessWithoutSynchronizer" classname="org.apache.commons.configuration2.builder.combined.TestCombinedConfigurationBuilder" time="0.023"/>
  <testcase name="testCustomFileSystemForSubConfig" classname="org.apache.commons.configuration2.builder.combined.TestCombinedConfigurationBuilder" time="0.01"/>
  <testcase name="testMultiTenentConfiguration" classname="org.apache.commons.configuration2.builder.combined.TestCombinedConfigurationBuilder" time="0.059"/>
  <testcase name="testConfigurationBuilderProviderInheritCustomProviders" classname="org.apache.commons.configuration2.builder.combined.TestCombinedConfigurationBuilder" time="0"/>
  <testcase name="testConfigurationBuilderProvider" classname="org.apache.commons.configuration2.builder.combined.TestCombinedConfigurationBuilder" time="0.015"/>
  <testcase name="testConfigurationBuilderProviderInheritBasePath" classname="org.apache.commons.configuration2.builder.combined.TestCombinedConfigurationBuilder" time="0.008"/>
  <testcase name="testBuilderNamesBeforeConfigurationAccess" classname="org.apache.commons.configuration2.builder.combined.TestCombinedConfigurationBuilder" time="0.001"/>
  <testcase name="testConfigureResult" classname="org.apache.commons.configuration2.builder.combined.TestCombinedConfigurationBuilder" time="0"/>
  <testcase name="testInitChildBuilderParametersDefaultChildProperties" classname="org.apache.commons.configuration2.builder.combined.TestCombinedConfigurationBuilder" time="0.016"/>
  <testcase name="testCustomBuilderProvider" classname="org.apache.commons.configuration2.builder.combined.TestCombinedConfigurationBuilder" time="0.001"/>
  <testcase name="testCustomResultConfiguration" classname="org.apache.commons.configuration2.builder.combined.TestCombinedConfigurationBuilder" time="0.011"/>
  <testcase name="testResetBuilder" classname="org.apache.commons.configuration2.builder.combined.TestCombinedConfigurationBuilder" time="0.009"/>
  <testcase name="testJndiConfiguration" classname="org.apache.commons.configuration2.builder.combined.TestCombinedConfigurationBuilder" time="0.016"/>
  <testcase name="testDefaultBasePathInParameters" classname="org.apache.commons.configuration2.builder.combined.TestCombinedConfigurationBuilder" time="0.007"/>
  <testcase name="testBuilderNames" classname="org.apache.commons.configuration2.builder.combined.TestCombinedConfigurationBuilder" time="0.011"/>
  <testcase name="testConfigureEntityResolverWithProperties" classname="org.apache.commons.configuration2.builder.combined.TestCombinedConfigurationBuilder" time="0.007"/>
  <testcase name="testCustomFileSystem" classname="org.apache.commons.configuration2.builder.combined.TestCombinedConfigurationBuilder" time="0.007"/>
  <testcase name="testRootNodeInitializedAfterCreation" classname="org.apache.commons.configuration2.builder.combined.TestCombinedConfigurationBuilder" time="0.014"/>
  <testcase name="testLoadConfiguration" classname="org.apache.commons.configuration2.builder.combined.TestCombinedConfigurationBuilder" time="0.012"/>
  <testcase name="testLoadOptionalForceCreate" classname="org.apache.commons.configuration2.builder.combined.TestCombinedConfigurationBuilder" time="0.002"/>
  <testcase name="testBuilderNamesManipulate" classname="org.apache.commons.configuration2.builder.combined.TestCombinedConfigurationBuilder" time="0.01"/>
  <testcase name="testCustomLookup" classname="org.apache.commons.configuration2.builder.combined.TestCombinedConfigurationBuilder" time="0.014"/>
  <testcase name="testGetNamedBuilderUnknown" classname="org.apache.commons.configuration2.builder.combined.TestCombinedConfigurationBuilder" time="0.012"/>
  <testcase name="testCombinedConfigurationListNodes" classname="org.apache.commons.configuration2.builder.combined.TestCombinedConfigurationBuilder" time="0.014"/>
  <testcase name="testRemoveSubBuilderListener" classname="org.apache.commons.configuration2.builder.combined.TestCombinedConfigurationBuilder" time="0.007"/>
  <testcase name="testInterpolationOverMultipleSources" classname="org.apache.commons.configuration2.builder.combined.TestCombinedConfigurationBuilder" time="0.016"/>
  <testcase name="testLoadOptionalWithException" classname="org.apache.commons.configuration2.builder.combined.TestCombinedConfigurationBuilder" time="0.004"/>
</testsuite>