<?xml version="1.0" encoding="UTF-8"?>
<testsuite name="org.apache.commons.configuration2.interpol.TestConfigurationInterpolator" time="0.001" tests="37" errors="0" skipped="0" failures="0">
  <properties>
[...]
</properties>
  <testcase name="testEnableSubstitutionInVariables" classname="org.apache.commons.configuration2.interpol.TestConfigurationInterpolator" time="0"/>
  <testcase name="testResolveDefault" classname="org.apache.commons.configuration2.interpol.TestConfigurationInterpolator" time="0"/>
  <testcase name="testGetDefaultPrefixLookups" classname="org.apache.commons.configuration2.interpol.TestConfigurationInterpolator" time="0"/>
  <testcase name="testResolveWithPrefix" classname="org.apache.commons.configuration2.interpol.TestConfigurationInterpolator" time="0"/>
  <testcase name="testRegisterLookup" classname="org.apache.commons.configuration2.interpol.TestConfigurationInterpolator" time="0"/>
  <testcase name="testAddDefaultLookups" classname="org.apache.commons.configuration2.interpol.TestConfigurationInterpolator" time="0"/>
  <testcase name="testRegisterLookupNullPrefix" classname="org.apache.commons.configuration2.interpol.TestConfigurationInterpolator" time="0"/>
  <testcase name="testGetLookupsModify" classname="org.apache.commons.configuration2.interpol.TestConfigurationInterpolator" time="0"/>
  <testcase name="testResolveParentVariableNotFound" classname="org.apache.commons.configuration2.interpol.TestConfigurationInterpolator" time="0"/>
  <testcase name="testFromSpecificationNewInstance" classname="org.apache.commons.configuration2.interpol.TestConfigurationInterpolator" time="0"/>
  <testcase name="testAddDefaultLookupsNull" classname="org.apache.commons.configuration2.interpol.TestConfigurationInterpolator" time="0"/>
  <testcase name="testRegisterLookupsNull" classname="org.apache.commons.configuration2.interpol.TestConfigurationInterpolator" time="0"/>
  <testcase name="testInit" classname="org.apache.commons.configuration2.interpol.TestConfigurationInterpolator" time="0"/>
  <testcase name="testNullSafeLookupExisting" classname="org.apache.commons.configuration2.interpol.TestConfigurationInterpolator" time="0"/>
  <testcase name="testResolveNoDefault" classname="org.apache.commons.configuration2.interpol.TestConfigurationInterpolator" time="0"/>
  <testcase name="testRemoveDefaultLookup" classname="org.apache.commons.configuration2.interpol.TestConfigurationInterpolator" time="0"/>
  <testcase name="testGetDefaultLookupsModify" classname="org.apache.commons.configuration2.interpol.TestConfigurationInterpolator" time="0"/>
  <testcase name="testFromSpecificationNull" classname="org.apache.commons.configuration2.interpol.TestConfigurationInterpolator" time="0"/>
  <testcase name="testResolveParentVariableFound" classname="org.apache.commons.configuration2.interpol.TestConfigurationInterpolator" time="0"/>
  <testcase name="testResolveEmptyVarName" classname="org.apache.commons.configuration2.interpol.TestConfigurationInterpolator" time="0"/>
  <testcase name="testDeregisterLookupNonExisting" classname="org.apache.commons.configuration2.interpol.TestConfigurationInterpolator" time="0"/>
  <testcase name="testRegisterLookups" classname="org.apache.commons.configuration2.interpol.TestConfigurationInterpolator" time="0"/>
  <testcase name="testResolveDefaultEmptyVarName" classname="org.apache.commons.configuration2.interpol.TestConfigurationInterpolator" time="0"/>
  <testcase name="testResolveEmptyPrefix" classname="org.apache.commons.configuration2.interpol.TestConfigurationInterpolator" time="0"/>
  <testcase name="testPrefixSetModify" classname="org.apache.commons.configuration2.interpol.TestConfigurationInterpolator" time="0"/>
  <testcase name="testDeregisterLookup" classname="org.apache.commons.configuration2.interpol.TestConfigurationInterpolator" time="0"/>
  <testcase name="testInterpolateObject" classname="org.apache.commons.configuration2.interpol.TestConfigurationInterpolator" time="0"/>
  <testcase name="testNullSafeLookupNull" classname="org.apache.commons.configuration2.interpol.TestConfigurationInterpolator" time="0"/>
  <testcase name="testRemoveDefaultLookupNonExisting" classname="org.apache.commons.configuration2.interpol.TestConfigurationInterpolator" time="0"/>
  <testcase name="testInterpolateString" classname="org.apache.commons.configuration2.interpol.TestConfigurationInterpolator" time="0"/>
  <testcase name="testRegisterLookupNull" classname="org.apache.commons.configuration2.interpol.TestConfigurationInterpolator" time="0"/>
  <testcase name="testResolveNull" classname="org.apache.commons.configuration2.interpol.TestConfigurationInterpolator" time="0"/>
  <testcase name="testInterpolateStringUnknownVariable" classname="org.apache.commons.configuration2.interpol.TestConfigurationInterpolator" time="0"/>
  <testcase name="testGetDefaultPrefixLookupsModify" classname="org.apache.commons.configuration2.interpol.TestConfigurationInterpolator" time="0"/>
  <testcase name="testResolveDefaultAfterPrefixFails" classname="org.apache.commons.configuration2.interpol.TestConfigurationInterpolator" time="0"/>
  <testcase name="testResolveWithUnknownPrefix" classname="org.apache.commons.configuration2.interpol.TestConfigurationInterpolator" time="0"/>
  <testcase name="testFromSpecificationInterpolator" classname="org.apache.commons.configuration2.interpol.TestConfigurationInterpolator" time="0.001"/>
</testsuite>