<?xml version="1.0" encoding="UTF-8"?>
<testsuite name="org.apache.commons.configuration.TestConfigurationUtils" time="0.41" tests="35" errors="0" skipped="0" failures="0">
  <properties>
[...]
</properties>
  <testcase name="testLoadClassFromCCL" classname="org.apache.commons.configuration.TestConfigurationUtils" time="0.03"/>
  <testcase name="testCloneSynchronizerNoOp" classname="org.apache.commons.configuration.TestConfigurationUtils" time="0.024"/>
  <testcase name="testCloneSynchronizerNull" classname="org.apache.commons.configuration.TestConfigurationUtils" time="0"/>
  <testcase name="testCloneIfPossibleError" classname="org.apache.commons.configuration.TestConfigurationUtils" time="0.103"/>
  <testcase name="testConvertToHierarchicalEngine" classname="org.apache.commons.configuration.TestConfigurationUtils" time="0.1"/>
  <testcase name="testAsEventSourceUnsupportedMock" classname="org.apache.commons.configuration.TestConfigurationUtils" time="0.026"/>
  <testcase name="testAsEventSourceNonSupportedEx" classname="org.apache.commons.configuration.TestConfigurationUtils" time="0.001"/>
  <testcase name="testLoadClassCCLNull" classname="org.apache.commons.configuration.TestConfigurationUtils" time="0"/>
  <testcase name="testLoadClassNoExFound" classname="org.apache.commons.configuration.TestConfigurationUtils" time="0"/>
  <testcase name="testCloneSynchronizerNewInstance" classname="org.apache.commons.configuration.TestConfigurationUtils" time="0.013"/>
  <testcase name="testConvertHierarchicalToHierarchicalEngine" classname="org.apache.commons.configuration.TestConfigurationUtils" time="0"/>
  <testcase name="testCloneConfigurationNull" classname="org.apache.commons.configuration.TestConfigurationUtils" time="0"/>
  <testcase name="testEnableRuntimeExceptionsInvalid" classname="org.apache.commons.configuration.TestConfigurationUtils" time="0.029"/>
  <testcase name="testCloneConfigurationNotSupported" classname="org.apache.commons.configuration.TestConfigurationUtils" time="0.002"/>
  <testcase name="testEnableRuntimeExceptions" classname="org.apache.commons.configuration.TestConfigurationUtils" time="0.006"/>
  <testcase name="testCopy" classname="org.apache.commons.configuration.TestConfigurationUtils" time="0.002"/>
  <testcase name="testToString" classname="org.apache.commons.configuration.TestConfigurationUtils" time="0.001"/>
  <testcase name="testCloneIfPossibleNull" classname="org.apache.commons.configuration.TestConfigurationUtils" time="0.018"/>
  <testcase name="testCloneConfiguration" classname="org.apache.commons.configuration.TestConfigurationUtils" time="0.007"/>
  <testcase name="testCloneIfPossibleNotSupported" classname="org.apache.commons.configuration.TestConfigurationUtils" time="0"/>
  <testcase name="testLoadClassCCLNotFound" classname="org.apache.commons.configuration.TestConfigurationUtils" time="0.001"/>
  <testcase name="testConvertNullToHierarchical" classname="org.apache.commons.configuration.TestConfigurationUtils" time="0"/>
  <testcase name="testConvertToHierarchicalDelimiters" classname="org.apache.commons.configuration.TestConfigurationUtils" time="0.002"/>
  <testcase name="testLoadClassNoExNotFound" classname="org.apache.commons.configuration.TestConfigurationUtils" time="0"/>
  <testcase name="testConvertToHierarchical" classname="org.apache.commons.configuration.TestConfigurationUtils" time="0.019"/>
  <testcase name="testCloneIfPossibleSupported" classname="org.apache.commons.configuration.TestConfigurationUtils" time="0.001"/>
  <testcase name="testAsEventSourceSupported" classname="org.apache.commons.configuration.TestConfigurationUtils" time="0.007"/>
  <testcase name="testCloneSynchronizerClone" classname="org.apache.commons.configuration.TestConfigurationUtils" time="0.002"/>
  <testcase name="testEnableRuntimeExceptionsNull" classname="org.apache.commons.configuration.TestConfigurationUtils" time="0.007"/>
  <testcase name="testCloneSynchronizerFailed" classname="org.apache.commons.configuration.TestConfigurationUtils" time="0.001"/>
  <testcase name="testAppend" classname="org.apache.commons.configuration.TestConfigurationUtils" time="0.006"/>
  <testcase name="testConvertHierarchicalToHierarchicalNullEngine" classname="org.apache.commons.configuration.TestConfigurationUtils" time="0"/>
  <testcase name="testConvertHierarchicalToHierarchical" classname="org.apache.commons.configuration.TestConfigurationUtils" time="0"/>
  <testcase name="testLoadClassNotFound" classname="org.apache.commons.configuration.TestConfigurationUtils" time="0.001"/>
  <testcase name="testConvertToHierarchicalMultiValues" classname="org.apache.commons.configuration.TestConfigurationUtils" time="0.001"/>
</testsuite>