<?xml version="1.0" encoding="UTF-8"?>
<testsuite name="org.apache.commons.configuration.TestHierarchicalConfiguration" time="0.206" tests="64" errors="0" skipped="0" failures="0">
  <properties>
[...]
</properties>
  <testcase name="testChildConfigurationsAtNotFound" classname="org.apache.commons.configuration.TestHierarchicalConfiguration" time="0.002"/>
  <testcase name="testClearTreeComplex" classname="org.apache.commons.configuration.TestHierarchicalConfiguration" time="0.017"/>
  <testcase name="testConfigurationAtUnknownSubTree" classname="org.apache.commons.configuration.TestHierarchicalConfiguration" time="0.001"/>
  <testcase name="testGetRootAfterSetRootNode" classname="org.apache.commons.configuration.TestHierarchicalConfiguration" time="0.002"/>
  <testcase name="testInterpolationUnknownProperty" classname="org.apache.commons.configuration.TestHierarchicalConfiguration" time="0.011"/>
  <testcase name="testInterpolation" classname="org.apache.commons.configuration.TestHierarchicalConfiguration" time="0.01"/>
  <testcase name="testGetKeysWithKeyAsPrefixMultiple" classname="org.apache.commons.configuration.TestHierarchicalConfiguration" time="0.002"/>
  <testcase name="testInitCopyNull" classname="org.apache.commons.configuration.TestHierarchicalConfiguration" time="0"/>
  <testcase name="testInterpolationBasic" classname="org.apache.commons.configuration.TestHierarchicalConfiguration" time="0.002"/>
  <testcase name="testChildConfigurationsAt" classname="org.apache.commons.configuration.TestHierarchicalConfiguration" time="0.003"/>
  <testcase name="testClear" classname="org.apache.commons.configuration.TestHierarchicalConfiguration" time="0.005"/>
  <testcase name="testClone" classname="org.apache.commons.configuration.TestHierarchicalConfiguration" time="0.003"/>
  <testcase name="testInitCopyUpdate" classname="org.apache.commons.configuration.TestHierarchicalConfiguration" time="0.002"/>
  <testcase name="testInterpolator" classname="org.apache.commons.configuration.TestHierarchicalConfiguration" time="0.001"/>
  <testcase name="testInterpolationSubset" classname="org.apache.commons.configuration.TestHierarchicalConfiguration" time="0.002"/>
  <testcase name="testChildConfigurationsAtNoUniqueKey" classname="org.apache.commons.configuration.TestHierarchicalConfiguration" time="0.001"/>
  <testcase name="testSetExpressionEngine" classname="org.apache.commons.configuration.TestHierarchicalConfiguration" time="0.009"/>
  <testcase name="testInterpolationEscaped" classname="org.apache.commons.configuration.TestHierarchicalConfiguration" time="0"/>
  <testcase name="testConfigurationsAt" classname="org.apache.commons.configuration.TestHierarchicalConfiguration" time="0.002"/>
  <testcase name="testInterpolationSysProperties" classname="org.apache.commons.configuration.TestHierarchicalConfiguration" time="0.002"/>
  <testcase name="testConfigurationAtClearAndDetach" classname="org.apache.commons.configuration.TestHierarchicalConfiguration" time="0.002"/>
  <testcase name="testConfigurationAtClear" classname="org.apache.commons.configuration.TestHierarchicalConfiguration" time="0.001"/>
  <testcase name="testClearTree" classname="org.apache.commons.configuration.TestHierarchicalConfiguration" time="0.002"/>
  <testcase name="testSubsetMultipleNodesWithValues" classname="org.apache.commons.configuration.TestHierarchicalConfiguration" time="0.004"/>
  <testcase name="testInitializeTwice" classname="org.apache.commons.configuration.TestHierarchicalConfiguration" time="0.002"/>
  <testcase name="testAddNodes" classname="org.apache.commons.configuration.TestHierarchicalConfiguration" time="0.003"/>
  <testcase name="testInterpolationSubsetMultipleLayers" classname="org.apache.commons.configuration.TestHierarchicalConfiguration" time="0.003"/>
  <testcase name="testCloneWithEventListeners" classname="org.apache.commons.configuration.TestHierarchicalConfiguration" time="0.002"/>
  <testcase name="testGetKeys" classname="org.apache.commons.configuration.TestHierarchicalConfiguration" time="0.003"/>
  <testcase name="testContainsKey" classname="org.apache.commons.configuration.TestHierarchicalConfiguration" time="0.001"/>
  <testcase name="testAddNodesForNonExistingKey" classname="org.apache.commons.configuration.TestHierarchicalConfiguration" time="0.002"/>
  <testcase name="testSetRootNodeNull" classname="org.apache.commons.configuration.TestHierarchicalConfiguration" time="0"/>
  <testcase name="testAddNodesWithAttributeKey" classname="org.apache.commons.configuration.TestHierarchicalConfiguration" time="0.001"/>
  <testcase name="testInterpolationConstants" classname="org.apache.commons.configuration.TestHierarchicalConfiguration" time="0.008"/>
  <testcase name="testConfigurationsAtEmpty" classname="org.apache.commons.configuration.TestHierarchicalConfiguration" time="0.001"/>
  <testcase name="testInitialize" classname="org.apache.commons.configuration.TestHierarchicalConfiguration" time="0.001"/>
  <testcase name="testClearTreeHierarchy" classname="org.apache.commons.configuration.TestHierarchicalConfiguration" time="0.003"/>
  <testcase name="testClearProperty" classname="org.apache.commons.configuration.TestHierarchicalConfiguration" time="0.005"/>
  <testcase name="testSubsetNodeWithValue" classname="org.apache.commons.configuration.TestHierarchicalConfiguration" time="0.001"/>
  <testcase name="testSetProperty" classname="org.apache.commons.configuration.TestHierarchicalConfiguration" time="0.001"/>
  <testcase name="testGetProperty" classname="org.apache.commons.configuration.TestHierarchicalConfiguration" time="0.001"/>
  <testcase name="testInterpolatedConfiguration" classname="org.apache.commons.configuration.TestHierarchicalConfiguration" time="0.009"/>
  <testcase name="testGetPropertyKeyWithBrackets" classname="org.apache.commons.configuration.TestHierarchicalConfiguration" time="0.001"/>
  <testcase name="testImmutableConfigurationsAt" classname="org.apache.commons.configuration.TestHierarchicalConfiguration" time="0.043"/>
  <testcase name="testInterpolationLoop" classname="org.apache.commons.configuration.TestHierarchicalConfiguration" time="0"/>
  <testcase name="testInitCopy" classname="org.apache.commons.configuration.TestHierarchicalConfiguration" time="0.001"/>
  <testcase name="testSetRootNode" classname="org.apache.commons.configuration.TestHierarchicalConfiguration" time="0"/>
  <testcase name="testConfigurationAtMultipleNodes" classname="org.apache.commons.configuration.TestHierarchicalConfiguration" time="0"/>
  <testcase name="testAddPropertyInvalidKey" classname="org.apache.commons.configuration.TestHierarchicalConfiguration" time="0"/>
  <testcase name="testAddNodesCopy" classname="org.apache.commons.configuration.TestHierarchicalConfiguration" time="0"/>
  <testcase name="testImmutableConfigurationAt" classname="org.apache.commons.configuration.TestHierarchicalConfiguration" time="0.002"/>
  <testcase name="testNodeParentsAfterSetRootNode" classname="org.apache.commons.configuration.TestHierarchicalConfiguration" time="0"/>
  <testcase name="testImmutableChildConfigurationsAt" classname="org.apache.commons.configuration.TestHierarchicalConfiguration" time="0.002"/>
  <testcase name="testImmutableConfigurationAtSupportUpdates" classname="org.apache.commons.configuration.TestHierarchicalConfiguration" time="0.001"/>
  <testcase name="testAddNodesAttributeNode" classname="org.apache.commons.configuration.TestHierarchicalConfiguration" time="0.004"/>
  <testcase name="testIsEmpty" classname="org.apache.commons.configuration.TestHierarchicalConfiguration" time="0.005"/>
  <testcase name="testAddProperty" classname="org.apache.commons.configuration.TestHierarchicalConfiguration" time="0.001"/>
  <testcase name="testInterpolationMultipleLevels" classname="org.apache.commons.configuration.TestHierarchicalConfiguration" time="0.001"/>
  <testcase name="testSubset" classname="org.apache.commons.configuration.TestHierarchicalConfiguration" time="0.006"/>
  <testcase name="testConfigurationAt" classname="org.apache.commons.configuration.TestHierarchicalConfiguration" time="0"/>
  <testcase name="testGetKeysString" classname="org.apache.commons.configuration.TestHierarchicalConfiguration" time="0.005"/>
  <testcase name="testGetMaxIndex" classname="org.apache.commons.configuration.TestHierarchicalConfiguration" time="0"/>
  <testcase name="testGetKeysWithKeyAsPrefix" classname="org.apache.commons.configuration.TestHierarchicalConfiguration" time="0"/>
  <testcase name="testCloneInterpolation" classname="org.apache.commons.configuration.TestHierarchicalConfiguration" time="0.001"/>
</testsuite>