<?xml version="1.0" encoding="UTF-8"?>
<testsuite name="org.apache.commons.configuration2.TestCompositeConfiguration" time="0.227" tests="50" errors="0" skipped="0" failures="0">
  <properties>
[...]
</properties>
  <testcase name="testGetListWithInterpolation" classname="org.apache.commons.configuration2.TestCompositeConfiguration" time="0.007"/>
  <testcase name="testGetKeys2PreservesOrder" classname="org.apache.commons.configuration2.TestCompositeConfiguration" time="0.005"/>
  <testcase name="testStringArrayInterpolation" classname="org.apache.commons.configuration2.TestCompositeConfiguration" time="0.005"/>
  <testcase name="testInterpolationInMultipleConfigs" classname="org.apache.commons.configuration2.TestCompositeConfiguration" time="0.004"/>
  <testcase name="testCantRemoveMemoryConfig" classname="org.apache.commons.configuration2.TestCompositeConfiguration" time="0.007"/>
  <testcase name="testGetPropertyMissing" classname="org.apache.commons.configuration2.TestCompositeConfiguration" time="0.004"/>
  <testcase name="testGetSourceSingle" classname="org.apache.commons.configuration2.TestCompositeConfiguration" time="0.004"/>
  <testcase name="testSubsetCanResolve" classname="org.apache.commons.configuration2.TestCompositeConfiguration" time="0.005"/>
  <testcase name="testClone" classname="org.apache.commons.configuration2.TestCompositeConfiguration" time="0.005"/>
  <testcase name="testAddRemoveConfigurations" classname="org.apache.commons.configuration2.TestCompositeConfiguration" time="0.004"/>
  <testcase name="testGetKeysPreservesOrder" classname="org.apache.commons.configuration2.TestCompositeConfiguration" time="0.005"/>
  <testcase name="testList" classname="org.apache.commons.configuration2.TestCompositeConfiguration" time="0.004"/>
  <testcase name="testSetListDelimiter" classname="org.apache.commons.configuration2.TestCompositeConfiguration" time="0.005"/>
  <testcase name="testEventSetProperty" classname="org.apache.commons.configuration2.TestCompositeConfiguration" time="0.005"/>
  <testcase name="testInstanciateWithCollection" classname="org.apache.commons.configuration2.TestCompositeConfiguration" time="0.004"/>
  <testcase name="testGetList" classname="org.apache.commons.configuration2.TestCompositeConfiguration" time="0.005"/>
  <testcase name="testUseChildConfigAsInMemoryConfig" classname="org.apache.commons.configuration2.TestCompositeConfiguration" time="0.004"/>
  <testcase name="testGettingSubset" classname="org.apache.commons.configuration2.TestCompositeConfiguration" time="0.005"/>
  <testcase name="testMultipleTypesOfConfigs" classname="org.apache.commons.configuration2.TestCompositeConfiguration" time="0.005"/>
  <testcase name="testAddingProperty" classname="org.apache.commons.configuration2.TestCompositeConfiguration" time="0.004"/>
  <testcase name="testPropertyExistsInOnlyOneConfig" classname="org.apache.commons.configuration2.TestCompositeConfiguration" time="0.005"/>
  <testcase name="testGetSourceInMemory" classname="org.apache.commons.configuration2.TestCompositeConfiguration" time="0.004"/>
  <testcase name="testThrowExceptionOnMissing" classname="org.apache.commons.configuration2.TestCompositeConfiguration" time="0.004"/>
  <testcase name="testCloneNotSupported" classname="org.apache.commons.configuration2.TestCompositeConfiguration" time="0.004"/>
  <testcase name="testListInterpolation" classname="org.apache.commons.configuration2.TestCompositeConfiguration" time="0.004"/>
  <testcase name="testGetStringWithDefaults" classname="org.apache.commons.configuration2.TestCompositeConfiguration" time="0.004"/>
  <testcase name="testRemoveConfigurationSynchronized" classname="org.apache.commons.configuration2.TestCompositeConfiguration" time="0.005"/>
  <testcase name="testEventClearProperty" classname="org.apache.commons.configuration2.TestCompositeConfiguration" time="0.004"/>
  <testcase name="testGetNumberOfConfigurationsSynchronized" classname="org.apache.commons.configuration2.TestCompositeConfiguration" time="0.004"/>
  <testcase name="testGetProperty" classname="org.apache.commons.configuration2.TestCompositeConfiguration" time="0.005"/>
  <testcase name="testGetSourceNull" classname="org.apache.commons.configuration2.TestCompositeConfiguration" time="0.004"/>
  <testcase name="testCheckingInMemoryConfiguration" classname="org.apache.commons.configuration2.TestCompositeConfiguration" time="0.005"/>
  <testcase name="testSetListDelimiterInMemoryConfigNonBaseConfig" classname="org.apache.commons.configuration2.TestCompositeConfiguration" time="0.005"/>
  <testcase name="testReplaceInMemoryConfig" classname="org.apache.commons.configuration2.TestCompositeConfiguration" time="0.004"/>
  <testcase name="testEventAddProperty" classname="org.apache.commons.configuration2.TestCompositeConfiguration" time="0.005"/>
  <testcase name="testGetConfigurationSynchronized" classname="org.apache.commons.configuration2.TestCompositeConfiguration" time="0.005"/>
  <testcase name="testAddConfigurationSynchronized" classname="org.apache.commons.configuration2.TestCompositeConfiguration" time="0.004"/>
  <testcase name="testCloneEventListener" classname="org.apache.commons.configuration2.TestCompositeConfiguration" time="0.004"/>
  <testcase name="testGetSourceMultiple" classname="org.apache.commons.configuration2.TestCompositeConfiguration" time="0.005"/>
  <testcase name="testGettingConfiguration" classname="org.apache.commons.configuration2.TestCompositeConfiguration" time="0.004"/>
  <testcase name="testGetInMemoryConfigurationSynchronized" classname="org.apache.commons.configuration2.TestCompositeConfiguration" time="0.004"/>
  <testcase name="testClearingProperty" classname="org.apache.commons.configuration2.TestCompositeConfiguration" time="0.004"/>
  <testcase name="testDefaultValueWhenKeyMissing" classname="org.apache.commons.configuration2.TestCompositeConfiguration" time="0.004"/>
  <testcase name="testSettingMissingProperty" classname="org.apache.commons.configuration2.TestCompositeConfiguration" time="0.004"/>
  <testcase name="testGetPropertyWIncludes" classname="org.apache.commons.configuration2.TestCompositeConfiguration" time="0.005"/>
  <testcase name="testSetListDelimiterAfterClear" classname="org.apache.commons.configuration2.TestCompositeConfiguration" time="0.004"/>
  <testcase name="testGetStringArrayWithInterpolation" classname="org.apache.commons.configuration2.TestCompositeConfiguration" time="0.005"/>
  <testcase name="testGetSourceUnknown" classname="org.apache.commons.configuration2.TestCompositeConfiguration" time="0.004"/>
  <testcase name="testStringArray" classname="org.apache.commons.configuration2.TestCompositeConfiguration" time="0.005"/>
  <testcase name="testCloneInterpolation" classname="org.apache.commons.configuration2.TestCompositeConfiguration" time="0.004"/>
</testsuite>