<?xml version="1.0" encoding="UTF-8"?>
<testsuite name="org.apache.commons.configuration.TestDataConfiguration" time="0.317" tests="55" errors="0" skipped="0" failures="0">
  <properties>
[...]
</properties>
  <testcase name="testGetDoubleList" classname="org.apache.commons.configuration.TestDataConfiguration" time="0.031"/>
  <testcase name="testGetBigDecimalArray" classname="org.apache.commons.configuration.TestDataConfiguration" time="0.018"/>
  <testcase name="testClearPropertyDirect" classname="org.apache.commons.configuration.TestDataConfiguration" time="0.001"/>
  <testcase name="testGetColor" classname="org.apache.commons.configuration.TestDataConfiguration" time="0.003"/>
  <testcase name="testGetCalendarArrayWithFormat" classname="org.apache.commons.configuration.TestDataConfiguration" time="0.004"/>
  <testcase name="testGetColorArray" classname="org.apache.commons.configuration.TestDataConfiguration" time="0.002"/>
  <testcase name="testConversionException" classname="org.apache.commons.configuration.TestDataConfiguration" time="0.01"/>
  <testcase name="testGetLocaleList" classname="org.apache.commons.configuration.TestDataConfiguration" time="0.002"/>
  <testcase name="testGetColorList" classname="org.apache.commons.configuration.TestDataConfiguration" time="0.01"/>
  <testcase name="testGetShortArray" classname="org.apache.commons.configuration.TestDataConfiguration" time="0.001"/>
  <testcase name="testGetPropertyWithoutConversion" classname="org.apache.commons.configuration.TestDataConfiguration" time="0.003"/>
  <testcase name="testGetIntegerList" classname="org.apache.commons.configuration.TestDataConfiguration" time="0.002"/>
  <testcase name="testGetFloatList" classname="org.apache.commons.configuration.TestDataConfiguration" time="0.004"/>
  <testcase name="testGetDateList" classname="org.apache.commons.configuration.TestDataConfiguration" time="0.012"/>
  <testcase name="testGetDateNoFormatPropertyConversionHandler" classname="org.apache.commons.configuration.TestDataConfiguration" time="0.005"/>
  <testcase name="testGetByteArray" classname="org.apache.commons.configuration.TestDataConfiguration" time="0.011"/>
  <testcase name="testGetShortList" classname="org.apache.commons.configuration.TestDataConfiguration" time="0.002"/>
  <testcase name="testGetInetAddressInvalidType" classname="org.apache.commons.configuration.TestDataConfiguration" time="0.029"/>
  <testcase name="testGetURLList" classname="org.apache.commons.configuration.TestDataConfiguration" time="0.056"/>
  <testcase name="testGetLongList" classname="org.apache.commons.configuration.TestDataConfiguration" time="0"/>
  <testcase name="testGetBigDecimalList" classname="org.apache.commons.configuration.TestDataConfiguration" time="0.003"/>
  <testcase name="testGetDate" classname="org.apache.commons.configuration.TestDataConfiguration" time="0.008"/>
  <testcase name="testGetKeys" classname="org.apache.commons.configuration.TestDataConfiguration" time="0.001"/>
  <testcase name="testContainsKey" classname="org.apache.commons.configuration.TestDataConfiguration" time="0.004"/>
  <testcase name="testGetByteList" classname="org.apache.commons.configuration.TestDataConfiguration" time="0.001"/>
  <testcase name="testGetConfiguration" classname="org.apache.commons.configuration.TestDataConfiguration" time="0.002"/>
  <testcase name="testGetCalendarArray" classname="org.apache.commons.configuration.TestDataConfiguration" time="0.003"/>
  <testcase name="testGetLocaleArray" classname="org.apache.commons.configuration.TestDataConfiguration" time="0.002"/>
  <testcase name="testGetInternetAddressInvalidType" classname="org.apache.commons.configuration.TestDataConfiguration" time="0.002"/>
  <testcase name="testGetUnknown" classname="org.apache.commons.configuration.TestDataConfiguration" time="0.001"/>
  <testcase name="testClearPropertyDirectNoAbstractConf" classname="org.apache.commons.configuration.TestDataConfiguration" time="0.041"/>
  <testcase name="testClearProperty" classname="org.apache.commons.configuration.TestDataConfiguration" time="0.001"/>
  <testcase name="testGetArrayInvalidDefaultType" classname="org.apache.commons.configuration.TestDataConfiguration" time="0.003"/>
  <testcase name="testGetBooleanArray" classname="org.apache.commons.configuration.TestDataConfiguration" time="0.002"/>
  <testcase name="testGetIntegerArray" classname="org.apache.commons.configuration.TestDataConfiguration" time="0.001"/>
  <testcase name="testGetFloatArray" classname="org.apache.commons.configuration.TestDataConfiguration" time="0.002"/>
  <testcase name="testGetBooleanList" classname="org.apache.commons.configuration.TestDataConfiguration" time="0.001"/>
  <testcase name="testGetDateArray" classname="org.apache.commons.configuration.TestDataConfiguration" time="0.002"/>
  <testcase name="testGetDateNoFormatPropertyDirectlySpecified" classname="org.apache.commons.configuration.TestDataConfiguration" time="0.001"/>
  <testcase name="testGetDoubleArray" classname="org.apache.commons.configuration.TestDataConfiguration" time="0.002"/>
  <testcase name="testGetUnknownException" classname="org.apache.commons.configuration.TestDataConfiguration" time="0.001"/>
  <testcase name="testGetCalendarList" classname="org.apache.commons.configuration.TestDataConfiguration" time="0.003"/>
  <testcase name="testGetLongArray" classname="org.apache.commons.configuration.TestDataConfiguration" time="0.001"/>
  <testcase name="testGetURLArray" classname="org.apache.commons.configuration.TestDataConfiguration" time="0.001"/>
  <testcase name="testGetInetAddress" classname="org.apache.commons.configuration.TestDataConfiguration" time="0.001"/>
  <testcase name="testGetCalendar" classname="org.apache.commons.configuration.TestDataConfiguration" time="0.002"/>
  <testcase name="testGetLocale" classname="org.apache.commons.configuration.TestDataConfiguration" time="0.001"/>
  <testcase name="testGetBigIntegerArray" classname="org.apache.commons.configuration.TestDataConfiguration" time="0.001"/>
  <testcase name="testGetURL" classname="org.apache.commons.configuration.TestDataConfiguration" time="0.012"/>
  <testcase name="testGetInvalidType" classname="org.apache.commons.configuration.TestDataConfiguration" time="0"/>
  <testcase name="testGetBigIntegerList" classname="org.apache.commons.configuration.TestDataConfiguration" time="0"/>
  <testcase name="testIsEmpty" classname="org.apache.commons.configuration.TestDataConfiguration" time="0"/>
  <testcase name="testGetPrimitiveArrayInvalidType" classname="org.apache.commons.configuration.TestDataConfiguration" time="0.001"/>
  <testcase name="testGetInternetAddress" classname="org.apache.commons.configuration.TestDataConfiguration" time="0.002"/>
  <testcase name="testGetDateArrayWithFormat" classname="org.apache.commons.configuration.TestDataConfiguration" time="0.002"/>
</testsuite>