-------------------------------------------------------------------------------
Test set: org.apache.log4j.CategoryTest
-------------------------------------------------------------------------------
Tests run: 5, Failures: 0, Errors: 0, Skipped: 0, Time elapsed: 0.26 sec
testSetPriority(org.apache.log4j.CategoryTest)  Time elapsed: 0.044 sec
testGetChainedPriorityReturnType(org.apache.log4j.CategoryTest)  Time elapsed: 0.003 sec
testForcedLog(org.apache.log4j.CategoryTest)  Time elapsed: 0.11 sec
testL7dlog(org.apache.log4j.CategoryTest)  Time elapsed: 0.013 sec
testL7dlog4Param(org.apache.log4j.CategoryTest)  Time elapsed: 0 sec
