-------------------------------------------------------------------------------
Test set: org.apache.log4j.helpers.CyclicBufferTestCase
-------------------------------------------------------------------------------
Tests run: 3, Failures: 0, Errors: 0, Skipped: 0, Time elapsed: 0.153 sec
test0(org.apache.log4j.helpers.CyclicBufferTestCase)  Time elapsed: 0.005 sec
test1(org.apache.log4j.helpers.CyclicBufferTestCase)  Time elapsed: 0.051 sec
testResize(org.apache.log4j.helpers.CyclicBufferTestCase)  Time elapsed: 0.001 sec
