<?xml version="1.0" encoding="UTF-8" ?>
<testsuite tests="16" failures="14" name="org.apache.log4j.PatternLayoutTestCase" time="1.016" errors="0" skipped="0">
  <properties>
[...]
</properties>
  <testcase classname="org.apache.log4j.PatternLayoutTestCase" name="test1" time="0.416">
    <failure type="junit.framework.AssertionFailedError">junit.framework.AssertionFailedError
	at junit.framework.Assert.fail(Assert.java:47)
	at junit.framework.Assert.assertTrue(Assert.java:20)
	at junit.framework.Assert.assertTrue(Assert.java:27)
	at org.apache.log4j.PatternLayoutTestCase.test1(PatternLayoutTestCase.java:91)
</failure>
    <system-out>Files [output/filtered] and [witness/patternLayout.1] differ on line 25
One reads:  [	at org.ekstazi.junit.JUnit3TestSuite.run(Unknown Source)].
Other reads:[DEBUG - Message 7].
</system-out>
  </testcase>
  <testcase classname="org.apache.log4j.PatternLayoutTestCase" name="test2" time="0.099">
    <failure type="junit.framework.AssertionFailedError">junit.framework.AssertionFailedError
	at junit.framework.Assert.fail(Assert.java:47)
	at junit.framework.Assert.assertTrue(Assert.java:20)
	at junit.framework.Assert.assertTrue(Assert.java:27)
	at org.apache.log4j.PatternLayoutTestCase.test2(PatternLayoutTestCase.java:105)
</failure>
    <system-out>Files [output/filtered] and [witness/patternLayout.2] differ on line 25
One reads:  [	at org.ekstazi.junit.JUnit3TestSuite.run(Unknown Source)].
Other reads:[ [main] DEBUG rnLayoutTestCase - Message 7].
</system-out>
  </testcase>
  <testcase classname="org.apache.log4j.PatternLayoutTestCase" name="test3" time="0.076">
    <failure type="junit.framework.AssertionFailedError">junit.framework.AssertionFailedError
	at junit.framework.Assert.fail(Assert.java:47)
	at junit.framework.Assert.assertTrue(Assert.java:20)
	at junit.framework.Assert.assertTrue(Assert.java:27)
	at org.apache.log4j.PatternLayoutTestCase.test3(PatternLayoutTestCase.java:119)
</failure>
    <system-out>Files [output/filtered] and [witness/patternLayout.3] differ on line 25
One reads:  [	at org.ekstazi.junit.JUnit3TestSuite.run(Unknown Source)].
Other reads:[ [main] DEBUG rnLayoutTestCase - Message 7].
</system-out>
  </testcase>
  <testcase classname="org.apache.log4j.PatternLayoutTestCase" name="test4" time="0.064">
    <failure type="junit.framework.AssertionFailedError">junit.framework.AssertionFailedError
	at junit.framework.Assert.fail(Assert.java:47)
	at junit.framework.Assert.assertTrue(Assert.java:20)
	at junit.framework.Assert.assertTrue(Assert.java:27)
	at org.apache.log4j.PatternLayoutTestCase.test4(PatternLayoutTestCase.java:135)
</failure>
    <system-out>Files [output/filtered] and [witness/patternLayout.4] differ on line 25
One reads:  [	at org.ekstazi.junit.JUnit3TestSuite.run(Unknown Source)].
Other reads:[ [main] DEBUG rnLayoutTestCase - Message 7].
</system-out>
  </testcase>
  <testcase classname="org.apache.log4j.PatternLayoutTestCase" name="test5" time="0.046">
    <failure type="junit.framework.AssertionFailedError">junit.framework.AssertionFailedError
	at junit.framework.Assert.fail(Assert.java:47)
	at junit.framework.Assert.assertTrue(Assert.java:20)
	at junit.framework.Assert.assertTrue(Assert.java:27)
	at org.apache.log4j.PatternLayoutTestCase.test5(PatternLayoutTestCase.java:149)
</failure>
    <system-out>Files [output/filtered] and [witness/patternLayout.5] differ on line 25
One reads:  [	at org.ekstazi.junit.JUnit3TestSuite.run(Unknown Source)].
Other reads:[ [main] DEBUG rnLayoutTestCase - Message 7].
</system-out>
  </testcase>
  <testcase classname="org.apache.log4j.PatternLayoutTestCase" name="test6" time="0.051">
    <failure type="junit.framework.AssertionFailedError">junit.framework.AssertionFailedError
	at junit.framework.Assert.fail(Assert.java:47)
	at junit.framework.Assert.assertTrue(Assert.java:20)
	at junit.framework.Assert.assertTrue(Assert.java:27)
	at org.apache.log4j.PatternLayoutTestCase.test6(PatternLayoutTestCase.java:164)
</failure>
    <system-out>Files [output/filtered] and [witness/patternLayout.6] differ on line 25
One reads:  [	at org.ekstazi.junit.JUnit3TestSuite.run(Unknown Source)].
Other reads:[ [main] DEBUG rnLayoutTestCase - Message 7].
</system-out>
  </testcase>
  <testcase classname="org.apache.log4j.PatternLayoutTestCase" name="test7" time="0.04">
    <failure type="junit.framework.AssertionFailedError">junit.framework.AssertionFailedError
	at junit.framework.Assert.fail(Assert.java:47)
	at junit.framework.Assert.assertTrue(Assert.java:20)
	at junit.framework.Assert.assertTrue(Assert.java:27)
	at org.apache.log4j.PatternLayoutTestCase.test7(PatternLayoutTestCase.java:179)
</failure>
    <system-out>Files [output/filtered] and [witness/patternLayout.7] differ on line 25
One reads:  [	at org.ekstazi.junit.JUnit3TestSuite.run(Unknown Source)].
Other reads:[ [main] DEBUG rnLayoutTestCase - Message 7].
</system-out>
  </testcase>
  <testcase classname="org.apache.log4j.PatternLayoutTestCase" name="test8" time="0.031">
    <failure type="junit.framework.AssertionFailedError">junit.framework.AssertionFailedError
	at junit.framework.Assert.fail(Assert.java:47)
	at junit.framework.Assert.assertTrue(Assert.java:20)
	at junit.framework.Assert.assertTrue(Assert.java:27)
	at org.apache.log4j.PatternLayoutTestCase.test8(PatternLayoutTestCase.java:193)
</failure>
    <system-out>Files [output/filtered] and [witness/patternLayout.8] differ on line 25
One reads:  [	at org.ekstazi.junit.JUnit3TestSuite.run(Unknown Source)].
Other reads:[ [main] DEBUG rnLayoutTestCase - Message 7].
</system-out>
  </testcase>
  <testcase classname="org.apache.log4j.PatternLayoutTestCase" name="test9" time="0.024">
    <failure type="junit.framework.AssertionFailedError">junit.framework.AssertionFailedError
	at junit.framework.Assert.fail(Assert.java:47)
	at junit.framework.Assert.assertTrue(Assert.java:20)
	at junit.framework.Assert.assertTrue(Assert.java:27)
	at org.apache.log4j.PatternLayoutTestCase.test9(PatternLayoutTestCase.java:207)
</failure>
    <system-out>Files [output/filtered] and [witness/patternLayout.9] differ on line 25
One reads:  [	at org.ekstazi.junit.JUnit3TestSuite.run(Unknown Source)].
Other reads:[[main] DEBUG rnLayoutTestCase : Message 7].
</system-out>
  </testcase>
  <testcase classname="org.apache.log4j.PatternLayoutTestCase" name="test10" time="0.049">
    <failure type="junit.framework.AssertionFailedError">junit.framework.AssertionFailedError
	at junit.framework.Assert.fail(Assert.java:47)
	at junit.framework.Assert.assertTrue(Assert.java:20)
	at junit.framework.Assert.assertTrue(Assert.java:27)
	at org.apache.log4j.PatternLayoutTestCase.test10(PatternLayoutTestCase.java:221)
</failure>
    <system-out>Files [output/filtered] and [witness/patternLayout.10] differ on line 25
One reads:  [	at org.ekstazi.junit.JUnit3TestSuite.run(Unknown Source)].
Other reads:[[main] DEBUG org.apache.log4j.PatternLayoutTestCase.common(PatternLayoutTestCase.java:XXX): Message 7].
</system-out>
  </testcase>
  <testcase classname="org.apache.log4j.PatternLayoutTestCase" name="test11" time="0.023">
    <failure type="junit.framework.AssertionFailedError">junit.framework.AssertionFailedError
	at junit.framework.Assert.fail(Assert.java:47)
	at junit.framework.Assert.assertTrue(Assert.java:20)
	at junit.framework.Assert.assertTrue(Assert.java:27)
	at org.apache.log4j.PatternLayoutTestCase.test11(PatternLayoutTestCase.java:235)
</failure>
    <system-out>Files [output/filtered] and [witness/patternLayout.11] differ on line 25
One reads:  [	at org.ekstazi.junit.JUnit3TestSuite.run(Unknown Source)].
Other reads:[DEBUG [main] log4j.PatternLayoutTestCase: Message 7].
</system-out>
  </testcase>
  <testcase classname="org.apache.log4j.PatternLayoutTestCase" name="test12" time="0.025">
    <failure type="junit.framework.AssertionFailedError">junit.framework.AssertionFailedError
	at junit.framework.Assert.fail(Assert.java:47)
	at junit.framework.Assert.assertTrue(Assert.java:20)
	at junit.framework.Assert.assertTrue(Assert.java:27)
	at org.apache.log4j.PatternLayoutTestCase.test12(PatternLayoutTestCase.java:249)
</failure>
    <system-out>Files [output/filtered] and [witness/patternLayout.12] differ on line 25
One reads:  [	at org.ekstazi.junit.JUnit3TestSuite.run(Unknown Source)].
Other reads:[[main] DEBUG org.apache.log4j.PatternLayoutTestCase.common(PatternLayoutTestCase.java:XXX): Message 7].
</system-out>
  </testcase>
  <testcase classname="org.apache.log4j.PatternLayoutTestCase" name="test13" time="0.023">
    <failure type="junit.framework.AssertionFailedError">junit.framework.AssertionFailedError
	at junit.framework.Assert.fail(Assert.java:47)
	at junit.framework.Assert.assertTrue(Assert.java:20)
	at junit.framework.Assert.assertTrue(Assert.java:27)
	at org.apache.log4j.PatternLayoutTestCase.test13(PatternLayoutTestCase.java:263)
</failure>
    <system-out>Files [output/filtered] and [witness/patternLayout.13] differ on line 25
One reads:  [	at org.ekstazi.junit.JUnit3TestSuite.run(Unknown Source)].
Other reads:[[main] DEBUG apache.log4j.PatternLayoutTestCase.common(PatternLayoutTestCase.java:XXX): Message 7].
</system-out>
  </testcase>
  <testcase classname="org.apache.log4j.PatternLayoutTestCase" name="test14" time="0.028">
    <failure type="junit.framework.AssertionFailedError">junit.framework.AssertionFailedError
	at junit.framework.Assert.fail(Assert.java:47)
	at junit.framework.Assert.assertTrue(Assert.java:20)
	at junit.framework.Assert.assertTrue(Assert.java:27)
	at org.apache.log4j.PatternLayoutTestCase.test14(PatternLayoutTestCase.java:277)
</failure>
    <system-out>Files [output/filtered] and [witness/patternLayout.14] differ on line 25
One reads:  [	at org.ekstazi.junit.JUnit3TestSuite.run(Unknown Source)].
Other reads:[DEBUG 14   - Message 7].
</system-out>
  </testcase>
  <testcase classname="org.apache.log4j.PatternLayoutTestCase" name="testMDC1" time="0.005"/>
  <testcase classname="org.apache.log4j.PatternLayoutTestCase" name="testMDCClear" time="0.016"/>
</testsuite>