<?xml version="1.0" encoding="UTF-8" ?>
<testsuite tests="16" failures="14" name="org.apache.log4j.PatternLayoutTestCase" time="1.016" errors="0" skipped="0">
  <properties>
    <property name="java.runtime.name" value="Java(TM) SE Runtime Environment"/>
    <property name="sun.boot.library.path" value="/usr/java/jdk1.8.0_25/jre/lib/amd64"/>
    <property name="java.vm.version" value="25.25-b02"/>
    <property name="java.vm.vendor" value="Oracle Corporation"/>
    <property name="java.vendor.url" value="http://java.oracle.com/"/>
    <property name="path.separator" value=":"/>
    <property name="guice.disable.misplaced.annotation.check" value="true"/>
    <property name="java.vm.name" value="Java HotSpot(TM) 64-Bit Server VM"/>
    <property name="file.encoding.pkg" value="sun.io"/>
    <property name="user.country" value="US"/>
    <property name="sun.java.launcher" value="SUN_STANDARD"/>
    <property name="sun.os.patch.level" value="unknown"/>
    <property name="java.vm.specification.name" value="Java Virtual Machine Specification"/>
    <property name="user.dir" value="/home/yrane/pchauha2_sadkhin2_yrane2/trunk/ekstazi-tests/log4j"/>
    <property name="java.runtime.version" value="1.8.0_25-b17"/>
    <property name="java.awt.graphicsenv" value="sun.awt.X11GraphicsEnvironment"/>
    <property name="java.endorsed.dirs" value="/usr/java/jdk1.8.0_25/jre/lib/endorsed"/>
    <property name="os.arch" value="amd64"/>
    <property name="java.io.tmpdir" value="/tmp"/>
    <property name="line.separator" value="
"/>
    <property name="java.vm.specification.vendor" value="Oracle Corporation"/>
    <property name="os.name" value="Linux"/>
    <property name="classworlds.conf" value="/opt/apache-maven-3.0.5/bin/m2.conf"/>
    <property name="sun.jnu.encoding" value="UTF-8"/>
    <property name="java.library.path" value="/usr/java/packages/lib/amd64:/usr/lib64:/lib64:/lib:/usr/lib"/>
    <property name="java.specification.name" value="Java Platform API Specification"/>
    <property name="java.class.version" value="52.0"/>
    <property name="sun.management.compiler" value="HotSpot 64-Bit Tiered Compilers"/>
    <property name="os.version" value="3.16.7-200.fc20.x86_64"/>
    <property name="user.home" value="/home/yrane"/>
    <property name="user.timezone" value="America/Chicago"/>
    <property name="java.awt.printerjob" value="sun.print.PSPrinterJob"/>
    <property name="file.encoding" value="UTF-8"/>
    <property name="java.specification.version" value="1.8"/>
    <property name="user.name" value="yrane"/>
    <property name="java.class.path" value="/opt/apache-maven-3.0.5/boot/plexus-classworlds-2.4.jar"/>
    <property name="java.vm.specification.version" value="1.8"/>
    <property name="sun.arch.data.model" value="64"/>
    <property name="java.home" value="/usr/java/jdk1.8.0_25/jre"/>
    <property name="sun.java.command" value="org.codehaus.plexus.classworlds.launcher.Launcher test"/>
    <property name="java.specification.vendor" value="Oracle Corporation"/>
    <property name="user.language" value="en"/>
    <property name="awt.toolkit" value="sun.awt.X11.XToolkit"/>
    <property name="java.vm.info" value="mixed mode"/>
    <property name="java.version" value="1.8.0_25"/>
    <property name="java.ext.dirs" value="/usr/java/jdk1.8.0_25/jre/lib/ext:/usr/java/packages/lib/ext"/>
    <property name="securerandom.source" value="file:/dev/./urandom"/>
    <property name="sun.boot.class.path" value="/usr/java/jdk1.8.0_25/jre/lib/resources.jar:/usr/java/jdk1.8.0_25/jre/lib/rt.jar:/usr/java/jdk1.8.0_25/jre/lib/sunrsasign.jar:/usr/java/jdk1.8.0_25/jre/lib/jsse.jar:/usr/java/jdk1.8.0_25/jre/lib/jce.jar:/usr/java/jdk1.8.0_25/jre/lib/charsets.jar:/usr/java/jdk1.8.0_25/jre/lib/jfr.jar:/usr/java/jdk1.8.0_25/jre/classes"/>
    <property name="java.vendor" value="Oracle Corporation"/>
    <property name="maven.home" value="/opt/apache-maven-3.0.5"/>
    <property name="file.separator" value="/"/>
    <property name="java.vendor.url.bug" value="http://bugreport.sun.com/bugreport/"/>
    <property name="sun.cpu.endian" value="little"/>
    <property name="sun.io.unicode.encoding" value="UnicodeLittle"/>
    <property name="sun.cpu.isalist" value=""/>
  </properties>
  <testcase classname="org.apache.log4j.PatternLayoutTestCase" name="test1" time="0.416">
    <failure type="junit.framework.AssertionFailedError">junit.framework.AssertionFailedError
	at junit.framework.Assert.fail(Assert.java:47)
	at junit.framework.Assert.assertTrue(Assert.java:20)
	at junit.framework.Assert.assertTrue(Assert.java:27)
	at org.apache.log4j.PatternLayoutTestCase.test1(PatternLayoutTestCase.java:91)
</failure>
    <system-out>Files [output/filtered] and [witness/patternLayout.1] differ on line 25
One reads:  [	at org.ekstazi.junit.JUnit3TestSuite.run(Unknown Source)].
Other reads:[DEBUG - Message 7].
</system-out>
  </testcase>
  <testcase classname="org.apache.log4j.PatternLayoutTestCase" name="test2" time="0.099">
    <failure type="junit.framework.AssertionFailedError">junit.framework.AssertionFailedError
	at junit.framework.Assert.fail(Assert.java:47)
	at junit.framework.Assert.assertTrue(Assert.java:20)
	at junit.framework.Assert.assertTrue(Assert.java:27)
	at org.apache.log4j.PatternLayoutTestCase.test2(PatternLayoutTestCase.java:105)
</failure>
    <system-out>Files [output/filtered] and [witness/patternLayout.2] differ on line 25
One reads:  [	at org.ekstazi.junit.JUnit3TestSuite.run(Unknown Source)].
Other reads:[ [main] DEBUG rnLayoutTestCase - Message 7].
</system-out>
  </testcase>
  <testcase classname="org.apache.log4j.PatternLayoutTestCase" name="test3" time="0.076">
    <failure type="junit.framework.AssertionFailedError">junit.framework.AssertionFailedError
	at junit.framework.Assert.fail(Assert.java:47)
	at junit.framework.Assert.assertTrue(Assert.java:20)
	at junit.framework.Assert.assertTrue(Assert.java:27)
	at org.apache.log4j.PatternLayoutTestCase.test3(PatternLayoutTestCase.java:119)
</failure>
    <system-out>Files [output/filtered] and [witness/patternLayout.3] differ on line 25
One reads:  [	at org.ekstazi.junit.JUnit3TestSuite.run(Unknown Source)].
Other reads:[ [main] DEBUG rnLayoutTestCase - Message 7].
</system-out>
  </testcase>
  <testcase classname="org.apache.log4j.PatternLayoutTestCase" name="test4" time="0.064">
    <failure type="junit.framework.AssertionFailedError">junit.framework.AssertionFailedError
	at junit.framework.Assert.fail(Assert.java:47)
	at junit.framework.Assert.assertTrue(Assert.java:20)
	at junit.framework.Assert.assertTrue(Assert.java:27)
	at org.apache.log4j.PatternLayoutTestCase.test4(PatternLayoutTestCase.java:135)
</failure>
    <system-out>Files [output/filtered] and [witness/patternLayout.4] differ on line 25
One reads:  [	at org.ekstazi.junit.JUnit3TestSuite.run(Unknown Source)].
Other reads:[ [main] DEBUG rnLayoutTestCase - Message 7].
</system-out>
  </testcase>
  <testcase classname="org.apache.log4j.PatternLayoutTestCase" name="test5" time="0.046">
    <failure type="junit.framework.AssertionFailedError">junit.framework.AssertionFailedError
	at junit.framework.Assert.fail(Assert.java:47)
	at junit.framework.Assert.assertTrue(Assert.java:20)
	at junit.framework.Assert.assertTrue(Assert.java:27)
	at org.apache.log4j.PatternLayoutTestCase.test5(PatternLayoutTestCase.java:149)
</failure>
    <system-out>Files [output/filtered] and [witness/patternLayout.5] differ on line 25
One reads:  [	at org.ekstazi.junit.JUnit3TestSuite.run(Unknown Source)].
Other reads:[ [main] DEBUG rnLayoutTestCase - Message 7].
</system-out>
  </testcase>
  <testcase classname="org.apache.log4j.PatternLayoutTestCase" name="test6" time="0.051">
    <failure type="junit.framework.AssertionFailedError">junit.framework.AssertionFailedError
	at junit.framework.Assert.fail(Assert.java:47)
	at junit.framework.Assert.assertTrue(Assert.java:20)
	at junit.framework.Assert.assertTrue(Assert.java:27)
	at org.apache.log4j.PatternLayoutTestCase.test6(PatternLayoutTestCase.java:164)
</failure>
    <system-out>Files [output/filtered] and [witness/patternLayout.6] differ on line 25
One reads:  [	at org.ekstazi.junit.JUnit3TestSuite.run(Unknown Source)].
Other reads:[ [main] DEBUG rnLayoutTestCase - Message 7].
</system-out>
  </testcase>
  <testcase classname="org.apache.log4j.PatternLayoutTestCase" name="test7" time="0.04">
    <failure type="junit.framework.AssertionFailedError">junit.framework.AssertionFailedError
	at junit.framework.Assert.fail(Assert.java:47)
	at junit.framework.Assert.assertTrue(Assert.java:20)
	at junit.framework.Assert.assertTrue(Assert.java:27)
	at org.apache.log4j.PatternLayoutTestCase.test7(PatternLayoutTestCase.java:179)
</failure>
    <system-out>Files [output/filtered] and [witness/patternLayout.7] differ on line 25
One reads:  [	at org.ekstazi.junit.JUnit3TestSuite.run(Unknown Source)].
Other reads:[ [main] DEBUG rnLayoutTestCase - Message 7].
</system-out>
  </testcase>
  <testcase classname="org.apache.log4j.PatternLayoutTestCase" name="test8" time="0.031">
    <failure type="junit.framework.AssertionFailedError">junit.framework.AssertionFailedError
	at junit.framework.Assert.fail(Assert.java:47)
	at junit.framework.Assert.assertTrue(Assert.java:20)
	at junit.framework.Assert.assertTrue(Assert.java:27)
	at org.apache.log4j.PatternLayoutTestCase.test8(PatternLayoutTestCase.java:193)
</failure>
    <system-out>Files [output/filtered] and [witness/patternLayout.8] differ on line 25
One reads:  [	at org.ekstazi.junit.JUnit3TestSuite.run(Unknown Source)].
Other reads:[ [main] DEBUG rnLayoutTestCase - Message 7].
</system-out>
  </testcase>
  <testcase classname="org.apache.log4j.PatternLayoutTestCase" name="test9" time="0.024">
    <failure type="junit.framework.AssertionFailedError">junit.framework.AssertionFailedError
	at junit.framework.Assert.fail(Assert.java:47)
	at junit.framework.Assert.assertTrue(Assert.java:20)
	at junit.framework.Assert.assertTrue(Assert.java:27)
	at org.apache.log4j.PatternLayoutTestCase.test9(PatternLayoutTestCase.java:207)
</failure>
    <system-out>Files [output/filtered] and [witness/patternLayout.9] differ on line 25
One reads:  [	at org.ekstazi.junit.JUnit3TestSuite.run(Unknown Source)].
Other reads:[[main] DEBUG rnLayoutTestCase : Message 7].
</system-out>
  </testcase>
  <testcase classname="org.apache.log4j.PatternLayoutTestCase" name="test10" time="0.049">
    <failure type="junit.framework.AssertionFailedError">junit.framework.AssertionFailedError
	at junit.framework.Assert.fail(Assert.java:47)
	at junit.framework.Assert.assertTrue(Assert.java:20)
	at junit.framework.Assert.assertTrue(Assert.java:27)
	at org.apache.log4j.PatternLayoutTestCase.test10(PatternLayoutTestCase.java:221)
</failure>
    <system-out>Files [output/filtered] and [witness/patternLayout.10] differ on line 25
One reads:  [	at org.ekstazi.junit.JUnit3TestSuite.run(Unknown Source)].
Other reads:[[main] DEBUG org.apache.log4j.PatternLayoutTestCase.common(PatternLayoutTestCase.java:XXX): Message 7].
</system-out>
  </testcase>
  <testcase classname="org.apache.log4j.PatternLayoutTestCase" name="test11" time="0.023">
    <failure type="junit.framework.AssertionFailedError">junit.framework.AssertionFailedError
	at junit.framework.Assert.fail(Assert.java:47)
	at junit.framework.Assert.assertTrue(Assert.java:20)
	at junit.framework.Assert.assertTrue(Assert.java:27)
	at org.apache.log4j.PatternLayoutTestCase.test11(PatternLayoutTestCase.java:235)
</failure>
    <system-out>Files [output/filtered] and [witness/patternLayout.11] differ on line 25
One reads:  [	at org.ekstazi.junit.JUnit3TestSuite.run(Unknown Source)].
Other reads:[DEBUG [main] log4j.PatternLayoutTestCase: Message 7].
</system-out>
  </testcase>
  <testcase classname="org.apache.log4j.PatternLayoutTestCase" name="test12" time="0.025">
    <failure type="junit.framework.AssertionFailedError">junit.framework.AssertionFailedError
	at junit.framework.Assert.fail(Assert.java:47)
	at junit.framework.Assert.assertTrue(Assert.java:20)
	at junit.framework.Assert.assertTrue(Assert.java:27)
	at org.apache.log4j.PatternLayoutTestCase.test12(PatternLayoutTestCase.java:249)
</failure>
    <system-out>Files [output/filtered] and [witness/patternLayout.12] differ on line 25
One reads:  [	at org.ekstazi.junit.JUnit3TestSuite.run(Unknown Source)].
Other reads:[[main] DEBUG org.apache.log4j.PatternLayoutTestCase.common(PatternLayoutTestCase.java:XXX): Message 7].
</system-out>
  </testcase>
  <testcase classname="org.apache.log4j.PatternLayoutTestCase" name="test13" time="0.023">
    <failure type="junit.framework.AssertionFailedError">junit.framework.AssertionFailedError
	at junit.framework.Assert.fail(Assert.java:47)
	at junit.framework.Assert.assertTrue(Assert.java:20)
	at junit.framework.Assert.assertTrue(Assert.java:27)
	at org.apache.log4j.PatternLayoutTestCase.test13(PatternLayoutTestCase.java:263)
</failure>
    <system-out>Files [output/filtered] and [witness/patternLayout.13] differ on line 25
One reads:  [	at org.ekstazi.junit.JUnit3TestSuite.run(Unknown Source)].
Other reads:[[main] DEBUG apache.log4j.PatternLayoutTestCase.common(PatternLayoutTestCase.java:XXX): Message 7].
</system-out>
  </testcase>
  <testcase classname="org.apache.log4j.PatternLayoutTestCase" name="test14" time="0.028">
    <failure type="junit.framework.AssertionFailedError">junit.framework.AssertionFailedError
	at junit.framework.Assert.fail(Assert.java:47)
	at junit.framework.Assert.assertTrue(Assert.java:20)
	at junit.framework.Assert.assertTrue(Assert.java:27)
	at org.apache.log4j.PatternLayoutTestCase.test14(PatternLayoutTestCase.java:277)
</failure>
    <system-out>Files [output/filtered] and [witness/patternLayout.14] differ on line 25
One reads:  [	at org.ekstazi.junit.JUnit3TestSuite.run(Unknown Source)].
Other reads:[DEBUG 14   - Message 7].
</system-out>
  </testcase>
  <testcase classname="org.apache.log4j.PatternLayoutTestCase" name="testMDC1" time="0.005"/>
  <testcase classname="org.apache.log4j.PatternLayoutTestCase" name="testMDCClear" time="0.016"/>
</testsuite>